0 info it worked if it ends with ok
1 verbose cli [ 'node', '/usr/local/bin/npm', 'install' ]
2 info using npm@1.3.2
3 info using node@v0.10.13
4 verbose readDependencies using package.json deps
5 verbose install where, deps [ '/Users/marcocarag/src/jazzcrazed.github.com',
5 verbose install   [ 'moment',
5 verbose install     'underscore',
5 verbose install     'typogr',
5 verbose install     'grunt',
5 verbose install     'grunt-contrib-compass',
5 verbose install     'grunt-wintersmith',
5 verbose install     'grunt-contrib-watch',
5 verbose install     'grunt-contrib-cssmin',
5 verbose install     'grunt-contrib-uglify',
5 verbose install     'grunt-contrib-coffee',
5 verbose install     'wintersmith',
5 verbose install     'grunt-extend',
5 verbose install     'cheerio' ] ]
6 info preinstall marcocarag@1.0.1
7 verbose readDependencies using package.json deps
8 verbose already installed skipping typogr@0.5.x /Users/marcocarag/src/jazzcrazed.github.com
9 verbose already installed skipping moment@2.3.x /Users/marcocarag/src/jazzcrazed.github.com
10 verbose already installed skipping underscore@1.4.x /Users/marcocarag/src/jazzcrazed.github.com
11 verbose already installed skipping grunt@~0.4.4 /Users/marcocarag/src/jazzcrazed.github.com
12 verbose already installed skipping grunt-contrib-compass@~0.7.2 /Users/marcocarag/src/jazzcrazed.github.com
13 verbose already installed skipping grunt-contrib-watch@~0.6.0 /Users/marcocarag/src/jazzcrazed.github.com
14 verbose already installed skipping grunt-wintersmith@0.0.2 /Users/marcocarag/src/jazzcrazed.github.com
15 verbose already installed skipping grunt-contrib-cssmin@~0.9.0 /Users/marcocarag/src/jazzcrazed.github.com
16 verbose already installed skipping grunt-contrib-uglify@~0.4.0 /Users/marcocarag/src/jazzcrazed.github.com
17 verbose cache add [ 'wintersmith@^2.0.10', null ]
18 verbose cache add name=undefined spec="wintersmith@^2.0.10" args=["wintersmith@^2.0.10",null]
19 verbose parsed url { protocol: null,
19 verbose parsed url   slashes: null,
19 verbose parsed url   auth: null,
19 verbose parsed url   host: null,
19 verbose parsed url   port: null,
19 verbose parsed url   hostname: null,
19 verbose parsed url   hash: null,
19 verbose parsed url   search: null,
19 verbose parsed url   query: null,
19 verbose parsed url   pathname: 'wintersmith@^2.0.10',
19 verbose parsed url   path: 'wintersmith@^2.0.10',
19 verbose parsed url   href: 'wintersmith@^2.0.10' }
20 verbose cache add name="wintersmith" spec="^2.0.10" args=["wintersmith","^2.0.10"]
21 verbose parsed url { protocol: null,
21 verbose parsed url   slashes: null,
21 verbose parsed url   auth: null,
21 verbose parsed url   host: null,
21 verbose parsed url   port: null,
21 verbose parsed url   hostname: null,
21 verbose parsed url   hash: null,
21 verbose parsed url   search: null,
21 verbose parsed url   query: null,
21 verbose parsed url   pathname: '^2.0.10',
21 verbose parsed url   path: '^2.0.10',
21 verbose parsed url   href: '^2.0.10' }
22 verbose addNamed [ 'wintersmith', '^2.0.10' ]
23 verbose addNamed [ null, null ]
24 verbose cache add [ 'grunt-contrib-coffee@^0.10.1', null ]
25 verbose cache add name=undefined spec="grunt-contrib-coffee@^0.10.1" args=["grunt-contrib-coffee@^0.10.1",null]
26 verbose parsed url { protocol: null,
26 verbose parsed url   slashes: null,
26 verbose parsed url   auth: null,
26 verbose parsed url   host: null,
26 verbose parsed url   port: null,
26 verbose parsed url   hostname: null,
26 verbose parsed url   hash: null,
26 verbose parsed url   search: null,
26 verbose parsed url   query: null,
26 verbose parsed url   pathname: 'grunt-contrib-coffee@^0.10.1',
26 verbose parsed url   path: 'grunt-contrib-coffee@^0.10.1',
26 verbose parsed url   href: 'grunt-contrib-coffee@^0.10.1' }
27 verbose cache add name="grunt-contrib-coffee" spec="^0.10.1" args=["grunt-contrib-coffee","^0.10.1"]
28 verbose parsed url { protocol: null,
28 verbose parsed url   slashes: null,
28 verbose parsed url   auth: null,
28 verbose parsed url   host: null,
28 verbose parsed url   port: null,
28 verbose parsed url   hostname: null,
28 verbose parsed url   hash: null,
28 verbose parsed url   search: null,
28 verbose parsed url   query: null,
28 verbose parsed url   pathname: '^0.10.1',
28 verbose parsed url   path: '^0.10.1',
28 verbose parsed url   href: '^0.10.1' }
29 verbose addNamed [ 'grunt-contrib-coffee', '^0.10.1' ]
30 verbose addNamed [ null, null ]
31 verbose cache add [ 'grunt-extend@^0.4.2', null ]
32 verbose cache add name=undefined spec="grunt-extend@^0.4.2" args=["grunt-extend@^0.4.2",null]
33 verbose parsed url { protocol: null,
33 verbose parsed url   slashes: null,
33 verbose parsed url   auth: null,
33 verbose parsed url   host: null,
33 verbose parsed url   port: null,
33 verbose parsed url   hostname: null,
33 verbose parsed url   hash: null,
33 verbose parsed url   search: null,
33 verbose parsed url   query: null,
33 verbose parsed url   pathname: 'grunt-extend@^0.4.2',
33 verbose parsed url   path: 'grunt-extend@^0.4.2',
33 verbose parsed url   href: 'grunt-extend@^0.4.2' }
34 verbose cache add name="grunt-extend" spec="^0.4.2" args=["grunt-extend","^0.4.2"]
35 verbose parsed url { protocol: null,
35 verbose parsed url   slashes: null,
35 verbose parsed url   auth: null,
35 verbose parsed url   host: null,
35 verbose parsed url   port: null,
35 verbose parsed url   hostname: null,
35 verbose parsed url   hash: null,
35 verbose parsed url   search: null,
35 verbose parsed url   query: null,
35 verbose parsed url   pathname: '^0.4.2',
35 verbose parsed url   path: '^0.4.2',
35 verbose parsed url   href: '^0.4.2' }
36 verbose addNamed [ 'grunt-extend', '^0.4.2' ]
37 verbose addNamed [ null, null ]
38 verbose cache add [ 'cheerio@^0.13.1', null ]
39 verbose cache add name=undefined spec="cheerio@^0.13.1" args=["cheerio@^0.13.1",null]
40 verbose parsed url { protocol: null,
40 verbose parsed url   slashes: null,
40 verbose parsed url   auth: null,
40 verbose parsed url   host: null,
40 verbose parsed url   port: null,
40 verbose parsed url   hostname: null,
40 verbose parsed url   hash: null,
40 verbose parsed url   search: null,
40 verbose parsed url   query: null,
40 verbose parsed url   pathname: 'cheerio@^0.13.1',
40 verbose parsed url   path: 'cheerio@^0.13.1',
40 verbose parsed url   href: 'cheerio@^0.13.1' }
41 verbose cache add name="cheerio" spec="^0.13.1" args=["cheerio","^0.13.1"]
42 verbose parsed url { protocol: null,
42 verbose parsed url   slashes: null,
42 verbose parsed url   auth: null,
42 verbose parsed url   host: null,
42 verbose parsed url   port: null,
42 verbose parsed url   hostname: null,
42 verbose parsed url   hash: null,
42 verbose parsed url   search: null,
42 verbose parsed url   query: null,
42 verbose parsed url   pathname: '^0.13.1',
42 verbose parsed url   path: '^0.13.1',
42 verbose parsed url   href: '^0.13.1' }
43 verbose addNamed [ 'cheerio', '^0.13.1' ]
44 verbose addNamed [ null, null ]
45 silly lockFile fc473527-wintersmith-2-0-10 wintersmith@^2.0.10
46 verbose lock wintersmith@^2.0.10 /Users/marcocarag/.npm/fc473527-wintersmith-2-0-10.lock
47 silly lockFile 0d4284b6-grunt-contrib-coffee-0-10-1 grunt-contrib-coffee@^0.10.1
48 verbose lock grunt-contrib-coffee@^0.10.1 /Users/marcocarag/.npm/0d4284b6-grunt-contrib-coffee-0-10-1.lock
49 silly addNameRange { name: 'wintersmith', range: '*', hasData: false }
50 silly addNameRange { name: 'grunt-contrib-coffee', range: '*', hasData: false }
51 silly lockFile 09758768-cheerio-0-13-1 cheerio@^0.13.1
52 verbose lock cheerio@^0.13.1 /Users/marcocarag/.npm/09758768-cheerio-0-13-1.lock
53 silly lockFile 3943c9bb-grunt-extend-0-4-2 grunt-extend@^0.4.2
54 verbose lock grunt-extend@^0.4.2 /Users/marcocarag/.npm/3943c9bb-grunt-extend-0-4-2.lock
55 verbose url raw grunt-contrib-coffee
56 verbose url resolving [ 'https://registry.npmjs.org/', './grunt-contrib-coffee' ]
57 verbose url resolved https://registry.npmjs.org/grunt-contrib-coffee
58 info trying registry request attempt 1 at 16:41:03
59 http GET https://registry.npmjs.org/grunt-contrib-coffee
60 silly addNameRange { name: 'cheerio', range: '*', hasData: false }
61 silly addNameRange { name: 'grunt-extend', range: '*', hasData: false }
62 verbose url raw cheerio
63 verbose url resolving [ 'https://registry.npmjs.org/', './cheerio' ]
64 verbose url resolved https://registry.npmjs.org/cheerio
65 info trying registry request attempt 1 at 16:41:03
66 http GET https://registry.npmjs.org/cheerio
67 verbose url raw grunt-extend
68 verbose url resolving [ 'https://registry.npmjs.org/', './grunt-extend' ]
69 verbose url resolved https://registry.npmjs.org/grunt-extend
70 info trying registry request attempt 1 at 16:41:03
71 http GET https://registry.npmjs.org/grunt-extend
72 verbose url raw wintersmith
73 verbose url resolving [ 'https://registry.npmjs.org/', './wintersmith' ]
74 verbose url resolved https://registry.npmjs.org/wintersmith
75 info trying registry request attempt 1 at 16:41:03
76 verbose etag "23P6O48YMX67E593IIJI81HHR"
77 http GET https://registry.npmjs.org/wintersmith
78 http 200 https://registry.npmjs.org/cheerio
79 silly registry.get cb [ 200,
79 silly registry.get   { date: 'Mon, 24 Mar 2014 20:41:15 GMT',
79 silly registry.get     server: 'CouchDB/1.5.0 (Erlang OTP/R16B)',
79 silly registry.get     etag: '"6JVAWIS33AK3NHDBD120212XZ"',
79 silly registry.get     'content-type': 'application/json',
79 silly registry.get     via: '1.1 varnish',
79 silly registry.get     'cache-control': 'max-age=1',
79 silly registry.get     'content-length': '77624',
79 silly registry.get     'accept-ranges': 'bytes',
79 silly registry.get     age: '4',
79 silly registry.get     'x-served-by': 'cache-v37-ASH, cache-jfk1029-JFK',
79 silly registry.get     'x-cache': 'HIT, HIT',
79 silly registry.get     'x-cache-hits': '1, 1',
79 silly registry.get     'x-timer': 'S1395692631.423629761,VS0,VS515,VE516,VE1044460',
79 silly registry.get     vary: 'Accept',
79 silly registry.get     'keep-alive': 'timeout=10, max=50',
79 silly registry.get     connection: 'Keep-Alive' } ]
80 silly addNameRange number 2 { name: 'cheerio', range: '*', hasData: true }
81 silly addNameRange versions [ 'cheerio',
81 silly addNameRange   [ '0.0.1',
81 silly addNameRange     '0.0.2',
81 silly addNameRange     '0.0.3',
81 silly addNameRange     '0.0.4',
81 silly addNameRange     '0.1.1',
81 silly addNameRange     '0.1.2',
81 silly addNameRange     '0.1.3',
81 silly addNameRange     '0.1.4',
81 silly addNameRange     '0.1.5',
81 silly addNameRange     '0.2.0',
81 silly addNameRange     '0.2.1',
81 silly addNameRange     '0.2.2',
81 silly addNameRange     '0.3.0',
81 silly addNameRange     '0.3.1',
81 silly addNameRange     '0.3.2',
81 silly addNameRange     '0.4.0',
81 silly addNameRange     '0.4.1',
81 silly addNameRange     '0.4.2',
81 silly addNameRange     '0.5.0',
81 silly addNameRange     '0.5.1',
81 silly addNameRange     '0.5.2',
81 silly addNameRange     '0.6.0',
81 silly addNameRange     '0.6.1',
81 silly addNameRange     '0.6.2',
81 silly addNameRange     '0.7.0',
81 silly addNameRange     '0.8.0',
81 silly addNameRange     '0.8.1',
81 silly addNameRange     '0.8.2',
81 silly addNameRange     '0.8.3',
81 silly addNameRange     '0.9.0',
81 silly addNameRange     '0.9.1',
81 silly addNameRange     '0.9.2',
81 silly addNameRange     '0.10.0',
81 silly addNameRange     '0.10.1',
81 silly addNameRange     '0.10.2',
81 silly addNameRange     '0.10.3',
81 silly addNameRange     '0.10.4',
81 silly addNameRange     '0.10.5',
81 silly addNameRange     '0.10.6',
81 silly addNameRange     '0.10.7',
81 silly addNameRange     '0.10.8',
81 silly addNameRange     '0.11.0',
81 silly addNameRange     '0.12.0',
81 silly addNameRange     '0.12.1',
81 silly addNameRange     '0.12.2',
81 silly addNameRange     '0.12.3',
81 silly addNameRange     '0.12.4',
81 silly addNameRange     '0.13.0',
81 silly addNameRange     '0.13.1' ] ]
82 verbose addNamed [ 'cheerio', '0.13.1' ]
83 verbose addNamed [ '0.13.1', '0.13.1' ]
84 silly lockFile 3e7fe6b3-cheerio-0-13-1 cheerio@0.13.1
85 verbose lock cheerio@0.13.1 /Users/marcocarag/.npm/3e7fe6b3-cheerio-0-13-1.lock
86 silly lockFile 60de9afa-s-org-cheerio-cheerio-0-13-1-tgz https://registry.npmjs.org/cheerio/-/cheerio-0.13.1.tgz
87 verbose lock https://registry.npmjs.org/cheerio/-/cheerio-0.13.1.tgz /Users/marcocarag/.npm/60de9afa-s-org-cheerio-cheerio-0-13-1-tgz.lock
88 verbose addRemoteTarball [ 'https://registry.npmjs.org/cheerio/-/cheerio-0.13.1.tgz',
88 verbose addRemoteTarball   '48af1134561b3527f83d9156c4f9a8ebd82b06ec' ]
89 info retry fetch attempt 1 at 16:41:03
90 verbose fetch to= /var/folders/_7/4v5jgszd54969q1qszq8hy7h0000gn/T/npm-3424/1395693663854-0.013391338754445314/tmp.tgz
91 http GET https://registry.npmjs.org/cheerio/-/cheerio-0.13.1.tgz
92 http 200 https://registry.npmjs.org/grunt-contrib-coffee
93 silly registry.get cb [ 200,
93 silly registry.get   { date: 'Mon, 24 Mar 2014 20:41:15 GMT',
93 silly registry.get     server: 'CouchDB/1.5.0 (Erlang OTP/R14B04)',
93 silly registry.get     etag: '"DWCIK7QXAC77CLAH9X1WYMESG"',
93 silly registry.get     'content-type': 'application/json',
93 silly registry.get     via: '1.1 varnish',
93 silly registry.get     'cache-control': 'max-age=1',
93 silly registry.get     'content-length': '43529',
93 silly registry.get     'accept-ranges': 'bytes',
93 silly registry.get     age: '124',
93 silly registry.get     'x-served-by': 'cache-v41-ASH, cache-jfk1031-JFK',
93 silly registry.get     'x-cache': 'MISS, MISS',
93 silly registry.get     'x-cache-hits': '0, 0',
93 silly registry.get     'x-timer': 'S1395526602.931781530,VS0,VS-546,VE-246,VE167073037',
93 silly registry.get     vary: 'Accept',
93 silly registry.get     'keep-alive': 'timeout=10, max=50',
93 silly registry.get     connection: 'Keep-Alive' } ]
94 silly addNameRange number 2 { name: 'grunt-contrib-coffee', range: '*', hasData: true }
95 silly addNameRange versions [ 'grunt-contrib-coffee',
95 silly addNameRange   [ '0.2.0',
95 silly addNameRange     '0.3.0',
95 silly addNameRange     '0.3.1',
95 silly addNameRange     '0.3.2',
95 silly addNameRange     '0.4.0',
95 silly addNameRange     '0.5.0',
95 silly addNameRange     '0.6.0',
95 silly addNameRange     '0.6.1',
95 silly addNameRange     '0.6.2',
95 silly addNameRange     '0.6.3',
95 silly addNameRange     '0.6.4',
95 silly addNameRange     '0.6.5',
95 silly addNameRange     '0.6.6',
95 silly addNameRange     '0.6.7',
95 silly addNameRange     '0.7.0',
95 silly addNameRange     '0.8.0',
95 silly addNameRange     '0.8.2',
95 silly addNameRange     '0.9.0',
95 silly addNameRange     '0.10.0',
95 silly addNameRange     '0.4.0-rc7',
95 silly addNameRange     '0.10.1' ] ]
96 verbose addNamed [ 'grunt-contrib-coffee', '0.10.1' ]
97 verbose addNamed [ '0.10.1', '0.10.1' ]
98 silly lockFile ebdd2b80-grunt-contrib-coffee-0-10-1 grunt-contrib-coffee@0.10.1
99 verbose lock grunt-contrib-coffee@0.10.1 /Users/marcocarag/.npm/ebdd2b80-grunt-contrib-coffee-0-10-1.lock
100 silly lockFile 84a1eef4--grunt-contrib-coffee-0-10-1-tgz https://registry.npmjs.org/grunt-contrib-coffee/-/grunt-contrib-coffee-0.10.1.tgz
101 verbose lock https://registry.npmjs.org/grunt-contrib-coffee/-/grunt-contrib-coffee-0.10.1.tgz /Users/marcocarag/.npm/84a1eef4--grunt-contrib-coffee-0-10-1-tgz.lock
102 verbose addRemoteTarball [ 'https://registry.npmjs.org/grunt-contrib-coffee/-/grunt-contrib-coffee-0.10.1.tgz',
102 verbose addRemoteTarball   'ed22c6829f458aa8ea47f86768433e9813140186' ]
103 info retry fetch attempt 1 at 16:41:03
104 verbose fetch to= /var/folders/_7/4v5jgszd54969q1qszq8hy7h0000gn/T/npm-3424/1395693663904-0.38590894895605743/tmp.tgz
105 http GET https://registry.npmjs.org/grunt-contrib-coffee/-/grunt-contrib-coffee-0.10.1.tgz
106 http 200 https://registry.npmjs.org/cheerio/-/cheerio-0.13.1.tgz
107 http 200 https://registry.npmjs.org/grunt-extend
108 silly registry.get cb [ 200,
108 silly registry.get   { date: 'Mon, 24 Mar 2014 20:41:16 GMT',
108 silly registry.get     server: 'CouchDB/1.5.0 (Erlang OTP/R16B)',
108 silly registry.get     etag: '"ENGMSBHNB6KMAAMQZ3YPXXJBT"',
108 silly registry.get     'content-type': 'application/json',
108 silly registry.get     via: '1.1 varnish',
108 silly registry.get     'cache-control': 'max-age=1',
108 silly registry.get     'content-length': '55345',
108 silly registry.get     'accept-ranges': 'bytes',
108 silly registry.get     age: '0',
108 silly registry.get     'x-served-by': 'cache-v36-ASH, cache-jfk1025-JFK',
108 silly registry.get     'x-cache': 'MISS, MISS',
108 silly registry.get     'x-cache-hits': '0, 0',
108 silly registry.get     'x-timer': 'S1395693675.868928432,VS0,VS-232,VE-68,VE171',
108 silly registry.get     vary: 'Accept',
108 silly registry.get     'keep-alive': 'timeout=10, max=50',
108 silly registry.get     connection: 'Keep-Alive' } ]
109 silly addNameRange number 2 { name: 'grunt-extend', range: '*', hasData: true }
110 silly addNameRange versions [ 'grunt-extend',
110 silly addNameRange   [ '0.0.1',
110 silly addNameRange     '0.0.2',
110 silly addNameRange     '0.2.0',
110 silly addNameRange     '0.2.1',
110 silly addNameRange     '0.2.2',
110 silly addNameRange     '0.3.0',
110 silly addNameRange     '0.4.0',
110 silly addNameRange     '0.4.1',
110 silly addNameRange     '0.4.2' ] ]
111 verbose addNamed [ 'grunt-extend', '0.4.2' ]
112 verbose addNamed [ '0.4.2', '0.4.2' ]
113 silly lockFile e3c94863-grunt-extend-0-4-2 grunt-extend@0.4.2
114 verbose lock grunt-extend@0.4.2 /Users/marcocarag/.npm/e3c94863-grunt-extend-0-4-2.lock
115 silly lockFile 7501b449-nt-extend-grunt-extend-0-4-2-tgz https://registry.npmjs.org/grunt-extend/-/grunt-extend-0.4.2.tgz
116 verbose lock https://registry.npmjs.org/grunt-extend/-/grunt-extend-0.4.2.tgz /Users/marcocarag/.npm/7501b449-nt-extend-grunt-extend-0-4-2-tgz.lock
117 verbose addRemoteTarball [ 'https://registry.npmjs.org/grunt-extend/-/grunt-extend-0.4.2.tgz',
117 verbose addRemoteTarball   '74f23a33b107f2357ac241e0bcbdf8b44d70c07b' ]
118 info retry fetch attempt 1 at 16:41:03
119 verbose fetch to= /var/folders/_7/4v5jgszd54969q1qszq8hy7h0000gn/T/npm-3424/1395693663996-0.9998653493821621/tmp.tgz
120 http GET https://registry.npmjs.org/grunt-extend/-/grunt-extend-0.4.2.tgz
121 http 200 https://registry.npmjs.org/wintersmith
122 silly registry.get cb [ 200,
122 silly registry.get   { date: 'Mon, 24 Mar 2014 20:41:16 GMT',
122 silly registry.get     server: 'CouchDB/1.5.0 (Erlang OTP/R16B)',
122 silly registry.get     etag: '"ENEPKIZDEDZ9ELJPB6AWQG5KC"',
122 silly registry.get     'content-type': 'application/json',
122 silly registry.get     via: '1.1 varnish',
122 silly registry.get     'cache-control': 'max-age=1',
122 silly registry.get     'content-length': '53715',
122 silly registry.get     'accept-ranges': 'bytes',
122 silly registry.get     age: '0',
122 silly registry.get     'x-served-by': 'cache-v37-ASH, cache-jfk1029-JFK',
122 silly registry.get     'x-cache': 'MISS, MISS',
122 silly registry.get     'x-cache-hits': '0, 0',
122 silly registry.get     'x-timer': 'S1395693675.894867420,VS0,VS514,VE673,VE165',
122 silly registry.get     vary: 'Accept',
122 silly registry.get     'keep-alive': 'timeout=10, max=50',
122 silly registry.get     connection: 'Keep-Alive' } ]
123 silly addNameRange number 2 { name: 'wintersmith', range: '*', hasData: true }
124 silly addNameRange versions [ 'wintersmith',
124 silly addNameRange   [ '0.1.0',
124 silly addNameRange     '0.1.1',
124 silly addNameRange     '0.1.2',
124 silly addNameRange     '0.1.3',
124 silly addNameRange     '0.1.4',
124 silly addNameRange     '0.1.5',
124 silly addNameRange     '0.1.6',
124 silly addNameRange     '0.1.7',
124 silly addNameRange     '1.0.0',
124 silly addNameRange     '1.0.1',
124 silly addNameRange     '1.0.2',
124 silly addNameRange     '1.0.3',
124 silly addNameRange     '1.0.4',
124 silly addNameRange     '1.0.5',
124 silly addNameRange     '1.0.6',
124 silly addNameRange     '1.0.7',
124 silly addNameRange     '1.1.1',
124 silly addNameRange     '1.2.0',
124 silly addNameRange     '1.2.1',
124 silly addNameRange     '1.2.2',
124 silly addNameRange     '1.2.4',
124 silly addNameRange     '2.0.0',
124 silly addNameRange     '2.0.1',
124 silly addNameRange     '2.0.2',
124 silly addNameRange     '2.0.3',
124 silly addNameRange     '2.0.4',
124 silly addNameRange     '2.0.5',
124 silly addNameRange     '2.0.6',
124 silly addNameRange     '2.0.7',
124 silly addNameRange     '2.0.8',
124 silly addNameRange     '2.0.9',
124 silly addNameRange     '2.0.10' ] ]
125 verbose addNamed [ 'wintersmith', '2.0.10' ]
126 verbose addNamed [ '2.0.10', '2.0.10' ]
127 silly lockFile d512f42b-wintersmith-2-0-10 wintersmith@2.0.10
128 verbose lock wintersmith@2.0.10 /Users/marcocarag/.npm/d512f42b-wintersmith-2-0-10.lock
129 silly lockFile d512f42b-wintersmith-2-0-10 wintersmith@2.0.10
130 silly lockFile d512f42b-wintersmith-2-0-10 wintersmith@2.0.10
131 silly lockFile fc473527-wintersmith-2-0-10 wintersmith@^2.0.10
132 silly lockFile fc473527-wintersmith-2-0-10 wintersmith@^2.0.10
133 verbose tar unpack /var/folders/_7/4v5jgszd54969q1qszq8hy7h0000gn/T/npm-3424/1395693663854-0.013391338754445314/tmp.tgz
134 silly lockFile 8ad2e79d-854-0-013391338754445314-package tar:///var/folders/_7/4v5jgszd54969q1qszq8hy7h0000gn/T/npm-3424/1395693663854-0.013391338754445314/package
135 verbose lock tar:///var/folders/_7/4v5jgszd54969q1qszq8hy7h0000gn/T/npm-3424/1395693663854-0.013391338754445314/package /Users/marcocarag/.npm/8ad2e79d-854-0-013391338754445314-package.lock
136 silly lockFile bd613cb7-854-0-013391338754445314-tmp-tgz tar:///var/folders/_7/4v5jgszd54969q1qszq8hy7h0000gn/T/npm-3424/1395693663854-0.013391338754445314/tmp.tgz
137 verbose lock tar:///var/folders/_7/4v5jgszd54969q1qszq8hy7h0000gn/T/npm-3424/1395693663854-0.013391338754445314/tmp.tgz /Users/marcocarag/.npm/bd613cb7-854-0-013391338754445314-tmp-tgz.lock
138 silly gunzTarPerm modes [ '755', '644' ]
139 silly gunzTarPerm extractEntry package.json
140 silly gunzTarPerm extractEntry .npmignore
141 silly gunzTarPerm extractEntry index.js
142 silly gunzTarPerm extractEntry Readme.md
143 silly gunzTarPerm extractEntry History.md
144 silly gunzTarPerm extractEntry Makefile
145 silly gunzTarPerm extractEntry .jshintrc
146 silly gunzTarPerm extractEntry benchmark/benchmark.js
147 silly gunzTarPerm extractEntry benchmark/jquery-2.0.3.js
148 silly gunzTarPerm extractEntry benchmark/suite.js
149 silly gunzTarPerm extractEntry benchmark/.gitattributes
150 silly gunzTarPerm extractEntry benchmark/documents/jquery.html
151 silly gunzTarPerm extractEntry .travis.yml
152 silly gunzTarPerm extractEntry lib/cheerio.js
153 silly gunzTarPerm extractEntry lib/parse.js
154 silly gunzTarPerm extractEntry lib/render.js
155 silly gunzTarPerm extractEntry lib/static.js
156 silly gunzTarPerm extractEntry lib/utils.js
157 http 503 https://registry.npmjs.org/grunt-extend/-/grunt-extend-0.4.2.tgz
158 error fetch failed https://registry.npmjs.org/grunt-extend/-/grunt-extend-0.4.2.tgz
159 info retry will retry, error on last attempt: Error: 503 Service Unavailable
160 silly gunzTarPerm extractEntry lib/api/attributes.js
161 silly gunzTarPerm extractEntry lib/api/css.js
162 silly gunzTarPerm extractEntry lib/api/manipulation.js
163 silly gunzTarPerm extractEntry lib/api/traversing.js
164 silly gunzTarPerm extractEntry CONTRIBUTING.md
165 silly gunzTarPerm extractEntry test/api.attributes.js
166 silly gunzTarPerm extractEntry test/api.manipulation.js
167 silly gunzTarPerm extractEntry test/api.traversing.js
168 silly gunzTarPerm extractEntry test/api.utils.js
169 silly gunzTarPerm extractEntry test/cheerio.js
170 silly gunzTarPerm extractEntry test/api.css.js
171 silly gunzTarPerm extractEntry test/utilities.js
172 silly gunzTarPerm extractEntry test/parse.js
173 silly gunzTarPerm extractEntry test/render.js
174 silly gunzTarPerm extractEntry test/xml.js
175 silly gunzTarPerm extractEntry test/fixtures.js
176 silly gunzTarPerm extractEntry test/mocha.opts
177 silly lockFile 8ad2e79d-854-0-013391338754445314-package tar:///var/folders/_7/4v5jgszd54969q1qszq8hy7h0000gn/T/npm-3424/1395693663854-0.013391338754445314/package
178 silly lockFile 8ad2e79d-854-0-013391338754445314-package tar:///var/folders/_7/4v5jgszd54969q1qszq8hy7h0000gn/T/npm-3424/1395693663854-0.013391338754445314/package
179 silly lockFile bd613cb7-854-0-013391338754445314-tmp-tgz tar:///var/folders/_7/4v5jgszd54969q1qszq8hy7h0000gn/T/npm-3424/1395693663854-0.013391338754445314/tmp.tgz
180 silly lockFile bd613cb7-854-0-013391338754445314-tmp-tgz tar:///var/folders/_7/4v5jgszd54969q1qszq8hy7h0000gn/T/npm-3424/1395693663854-0.013391338754445314/tmp.tgz
181 verbose tar pack [ '/Users/marcocarag/.npm/cheerio/0.13.1/package.tgz',
181 verbose tar pack   '/var/folders/_7/4v5jgszd54969q1qszq8hy7h0000gn/T/npm-3424/1395693663854-0.013391338754445314/package' ]
182 verbose tarball /Users/marcocarag/.npm/cheerio/0.13.1/package.tgz
183 verbose folder /var/folders/_7/4v5jgszd54969q1qszq8hy7h0000gn/T/npm-3424/1395693663854-0.013391338754445314/package
184 silly lockFile 8ad2e79d-854-0-013391338754445314-package tar:///var/folders/_7/4v5jgszd54969q1qszq8hy7h0000gn/T/npm-3424/1395693663854-0.013391338754445314/package
185 verbose lock tar:///var/folders/_7/4v5jgszd54969q1qszq8hy7h0000gn/T/npm-3424/1395693663854-0.013391338754445314/package /Users/marcocarag/.npm/8ad2e79d-854-0-013391338754445314-package.lock
186 silly lockFile 2de25ac7-g-npm-cheerio-0-13-1-package-tgz tar:///Users/marcocarag/.npm/cheerio/0.13.1/package.tgz
187 verbose lock tar:///Users/marcocarag/.npm/cheerio/0.13.1/package.tgz /Users/marcocarag/.npm/2de25ac7-g-npm-cheerio-0-13-1-package-tgz.lock
188 silly lockFile 8ad2e79d-854-0-013391338754445314-package tar:///var/folders/_7/4v5jgszd54969q1qszq8hy7h0000gn/T/npm-3424/1395693663854-0.013391338754445314/package
189 silly lockFile 8ad2e79d-854-0-013391338754445314-package tar:///var/folders/_7/4v5jgszd54969q1qszq8hy7h0000gn/T/npm-3424/1395693663854-0.013391338754445314/package
190 silly lockFile 2de25ac7-g-npm-cheerio-0-13-1-package-tgz tar:///Users/marcocarag/.npm/cheerio/0.13.1/package.tgz
191 silly lockFile 2de25ac7-g-npm-cheerio-0-13-1-package-tgz tar:///Users/marcocarag/.npm/cheerio/0.13.1/package.tgz
192 silly lockFile c28601d1-carag-npm-cheerio-0-13-1-package /Users/marcocarag/.npm/cheerio/0.13.1/package
193 verbose lock /Users/marcocarag/.npm/cheerio/0.13.1/package /Users/marcocarag/.npm/c28601d1-carag-npm-cheerio-0-13-1-package.lock
194 silly lockFile c28601d1-carag-npm-cheerio-0-13-1-package /Users/marcocarag/.npm/cheerio/0.13.1/package
195 silly lockFile c28601d1-carag-npm-cheerio-0-13-1-package /Users/marcocarag/.npm/cheerio/0.13.1/package
196 verbose tar unpack /Users/marcocarag/.npm/cheerio/0.13.1/package.tgz
197 silly lockFile 06ba4fdb-carag-npm-cheerio-0-13-1-package tar:///Users/marcocarag/.npm/cheerio/0.13.1/package
198 verbose lock tar:///Users/marcocarag/.npm/cheerio/0.13.1/package /Users/marcocarag/.npm/06ba4fdb-carag-npm-cheerio-0-13-1-package.lock
199 silly lockFile 2de25ac7-g-npm-cheerio-0-13-1-package-tgz tar:///Users/marcocarag/.npm/cheerio/0.13.1/package.tgz
200 verbose lock tar:///Users/marcocarag/.npm/cheerio/0.13.1/package.tgz /Users/marcocarag/.npm/2de25ac7-g-npm-cheerio-0-13-1-package-tgz.lock
201 silly gunzTarPerm modes [ '755', '644' ]
202 silly gunzTarPerm extractEntry package.json
203 silly gunzTarPerm extractEntry .npmignore
204 silly gunzTarPerm extractEntry index.js
205 silly gunzTarPerm extractEntry Readme.md
206 silly gunzTarPerm extractEntry History.md
207 silly gunzTarPerm extractEntry Makefile
208 silly gunzTarPerm extractEntry .jshintrc
209 silly gunzTarPerm extractEntry benchmark/benchmark.js
210 silly gunzTarPerm extractEntry benchmark/jquery-2.0.3.js
211 silly gunzTarPerm extractEntry benchmark/suite.js
212 silly gunzTarPerm extractEntry benchmark/.gitattributes
213 silly gunzTarPerm extractEntry benchmark/documents/jquery.html
214 silly gunzTarPerm extractEntry .travis.yml
215 silly gunzTarPerm extractEntry lib/cheerio.js
216 silly gunzTarPerm extractEntry lib/parse.js
217 silly gunzTarPerm extractEntry lib/render.js
218 silly gunzTarPerm extractEntry lib/static.js
219 silly gunzTarPerm extractEntry lib/utils.js
220 silly gunzTarPerm extractEntry lib/api/attributes.js
221 silly gunzTarPerm extractEntry lib/api/css.js
222 silly gunzTarPerm extractEntry lib/api/manipulation.js
223 silly gunzTarPerm extractEntry lib/api/traversing.js
224 silly gunzTarPerm extractEntry CONTRIBUTING.md
225 silly gunzTarPerm extractEntry test/api.attributes.js
226 silly gunzTarPerm extractEntry test/api.manipulation.js
227 silly gunzTarPerm extractEntry test/api.traversing.js
228 silly gunzTarPerm extractEntry test/api.utils.js
229 silly gunzTarPerm extractEntry test/cheerio.js
230 silly gunzTarPerm extractEntry test/api.css.js
231 silly gunzTarPerm extractEntry test/utilities.js
232 silly gunzTarPerm extractEntry test/parse.js
233 silly gunzTarPerm extractEntry test/render.js
234 silly gunzTarPerm extractEntry test/xml.js
235 silly gunzTarPerm extractEntry test/fixtures.js
236 silly gunzTarPerm extractEntry test/mocha.opts
237 silly lockFile 06ba4fdb-carag-npm-cheerio-0-13-1-package tar:///Users/marcocarag/.npm/cheerio/0.13.1/package
238 silly lockFile 06ba4fdb-carag-npm-cheerio-0-13-1-package tar:///Users/marcocarag/.npm/cheerio/0.13.1/package
239 silly lockFile 2de25ac7-g-npm-cheerio-0-13-1-package-tgz tar:///Users/marcocarag/.npm/cheerio/0.13.1/package.tgz
240 silly lockFile 2de25ac7-g-npm-cheerio-0-13-1-package-tgz tar:///Users/marcocarag/.npm/cheerio/0.13.1/package.tgz
241 verbose chmod /Users/marcocarag/.npm/cheerio/0.13.1/package.tgz 644
242 verbose chown /Users/marcocarag/.npm/cheerio/0.13.1/package.tgz [ 501, 20 ]
243 silly lockFile 60de9afa-s-org-cheerio-cheerio-0-13-1-tgz https://registry.npmjs.org/cheerio/-/cheerio-0.13.1.tgz
244 silly lockFile 60de9afa-s-org-cheerio-cheerio-0-13-1-tgz https://registry.npmjs.org/cheerio/-/cheerio-0.13.1.tgz
245 silly lockFile 3e7fe6b3-cheerio-0-13-1 cheerio@0.13.1
246 silly lockFile 3e7fe6b3-cheerio-0-13-1 cheerio@0.13.1
247 silly lockFile 09758768-cheerio-0-13-1 cheerio@^0.13.1
248 silly lockFile 09758768-cheerio-0-13-1 cheerio@^0.13.1
249 http 404 https://registry.npmjs.org/grunt-contrib-coffee/-/grunt-contrib-coffee-0.10.1.tgz
250 error fetch failed https://registry.npmjs.org/grunt-contrib-coffee/-/grunt-contrib-coffee-0.10.1.tgz
251 silly lockFile 84a1eef4--grunt-contrib-coffee-0-10-1-tgz https://registry.npmjs.org/grunt-contrib-coffee/-/grunt-contrib-coffee-0.10.1.tgz
252 silly lockFile 84a1eef4--grunt-contrib-coffee-0-10-1-tgz https://registry.npmjs.org/grunt-contrib-coffee/-/grunt-contrib-coffee-0.10.1.tgz
253 silly lockFile ebdd2b80-grunt-contrib-coffee-0-10-1 grunt-contrib-coffee@0.10.1
254 silly lockFile ebdd2b80-grunt-contrib-coffee-0-10-1 grunt-contrib-coffee@0.10.1
255 silly lockFile 0d4284b6-grunt-contrib-coffee-0-10-1 grunt-contrib-coffee@^0.10.1
256 silly lockFile 0d4284b6-grunt-contrib-coffee-0-10-1 grunt-contrib-coffee@^0.10.1
257 error Error: 404 Not Found
257 error     at WriteStream.<anonymous> (/usr/local/lib/node_modules/npm/lib/utils/fetch.js:57:12)
257 error     at WriteStream.EventEmitter.emit (events.js:117:20)
257 error     at fs.js:1596:14
257 error     at Object.oncomplete (fs.js:107:15)
258 error If you need help, you may report this log at:
258 error     <http://github.com/isaacs/npm/issues>
258 error or email it to:
258 error     <npm-@googlegroups.com>
259 error System Darwin 13.1.0
260 error command "node" "/usr/local/bin/npm" "install"
261 error cwd /Users/marcocarag/src/jazzcrazed.github.com
262 error node -v v0.10.13
263 error npm -v 1.3.2
264 verbose exit [ 1, true ]
